[4.166s] Invoking command in '/home/hexapod/ros2_ws/src/mpu6050_publisher': PYTHONPATH=/home/hexapod/ros2_ws/src/build/mpu6050_publisher/prefix_override:/usr/lib/python3/dist-packages/colcon_core/task/python/colcon_distutils_commands:/home/hexapod/ros2_ws/src/install/mpu6050_publisher/lib/python3.10/site-packages:${PYTHONPATH} /usr/bin/python3 -W ignore:setup.py install is deprecated -W ignore:easy_install command is deprecated setup.py egg_info --egg-base ../build/mpu6050_publisher build --build-base /home/hexapod/ros2_ws/src/build/mpu6050_publisher/build install --record /home/hexapod/ros2_ws/src/build/mpu6050_publisher/install.log --single-version-externally-managed install_data
[5.273s] running egg_info
[5.275s] creating ../build/mpu6050_publisher/mpu6050_publisher.egg-info
[5.276s] writing ../build/mpu6050_publisher/mpu6050_publisher.egg-info/PKG-INFO
[5.277s] writing dependency_links to ../build/mpu6050_publisher/mpu6050_publisher.egg-info/dependency_links.txt
[5.277s] writing entry points to ../build/mpu6050_publisher/mpu6050_publisher.egg-info/entry_points.txt
[5.278s] writing requirements to ../build/mpu6050_publisher/mpu6050_publisher.egg-info/requires.txt
[5.279s] writing top-level names to ../build/mpu6050_publisher/mpu6050_publisher.egg-info/top_level.txt
[5.279s] writing manifest file '../build/mpu6050_publisher/mpu6050_publisher.egg-info/SOURCES.txt'
[5.287s] reading manifest file '../build/mpu6050_publisher/mpu6050_publisher.egg-info/SOURCES.txt'
[5.291s] writing manifest file '../build/mpu6050_publisher/mpu6050_publisher.egg-info/SOURCES.txt'
[5.292s] running build
[5.292s] running build_py
[5.293s] creating /home/hexapod/ros2_ws/src/build/mpu6050_publisher/build
[5.294s] creating /home/hexapod/ros2_ws/src/build/mpu6050_publisher/build/lib
[5.294s] creating /home/hexapod/ros2_ws/src/build/mpu6050_publisher/build/lib/mpu6050_publisher
[5.295s] copying mpu6050_publisher/__init__.py -> /home/hexapod/ros2_ws/src/build/mpu6050_publisher/build/lib/mpu6050_publisher
[5.295s] copying mpu6050_publisher/mpu6050_node.py -> /home/hexapod/ros2_ws/src/build/mpu6050_publisher/build/lib/mpu6050_publisher
[5.295s] running install
[5.296s] running install_lib
[5.299s] creating /home/hexapod/ros2_ws/src/install/mpu6050_publisher/lib/python3.10/site-packages/mpu6050_publisher
[5.300s] copying /home/hexapod/ros2_ws/src/build/mpu6050_publisher/build/lib/mpu6050_publisher/__init__.py -> /home/hexapod/ros2_ws/src/install/mpu6050_publisher/lib/python3.10/site-packages/mpu6050_publisher
[5.300s] copying /home/hexapod/ros2_ws/src/build/mpu6050_publisher/build/lib/mpu6050_publisher/mpu6050_node.py -> /home/hexapod/ros2_ws/src/install/mpu6050_publisher/lib/python3.10/site-packages/mpu6050_publisher
[5.303s] byte-compiling /home/hexapod/ros2_ws/src/install/mpu6050_publisher/lib/python3.10/site-packages/mpu6050_publisher/__init__.py to __init__.cpython-310.pyc
[5.304s] byte-compiling /home/hexapod/ros2_ws/src/install/mpu6050_publisher/lib/python3.10/site-packages/mpu6050_publisher/mpu6050_node.py to mpu6050_node.cpython-310.pyc
[5.307s] running install_data
[5.307s] creating /home/hexapod/ros2_ws/src/install/mpu6050_publisher/share/ament_index
[5.308s] creating /home/hexapod/ros2_ws/src/install/mpu6050_publisher/share/ament_index/resource_index
[5.308s] creating /home/hexapod/ros2_ws/src/install/mpu6050_publisher/share/ament_index/resource_index/packages
[5.309s] copying resource/mpu6050_publisher -> /home/hexapod/ros2_ws/src/install/mpu6050_publisher/share/ament_index/resource_index/packages
[5.309s] copying package.xml -> /home/hexapod/ros2_ws/src/install/mpu6050_publisher/share/mpu6050_publisher
[5.310s] running install_egg_info
[5.316s] Copying ../build/mpu6050_publisher/mpu6050_publisher.egg-info to /home/hexapod/ros2_ws/src/install/mpu6050_publisher/lib/python3.10/site-packages/mpu6050_publisher-0.0.0-py3.10.egg-info
[5.322s] running install_scripts
[5.400s] Installing mpu6050_node script to /home/hexapod/ros2_ws/src/install/mpu6050_publisher/lib/mpu6050_publisher
[5.402s] writing list of installed files to '/home/hexapod/ros2_ws/src/build/mpu6050_publisher/install.log'
[5.521s] Invoked command in '/home/hexapod/ros2_ws/src/mpu6050_publisher' returned '0': PYTHONPATH=/home/hexapod/ros2_ws/src/build/mpu6050_publisher/prefix_override:/usr/lib/python3/dist-packages/colcon_core/task/python/colcon_distutils_commands:/home/hexapod/ros2_ws/src/install/mpu6050_publisher/lib/python3.10/site-packages:${PYTHONPATH} /usr/bin/python3 -W ignore:setup.py install is deprecated -W ignore:easy_install command is deprecated setup.py egg_info --egg-base ../build/mpu6050_publisher build --build-base /home/hexapod/ros2_ws/src/build/mpu6050_publisher/build install --record /home/hexapod/ros2_ws/src/build/mpu6050_publisher/install.log --single-version-externally-managed install_data
