[0.446s] DEBUG:colcon:Command line arguments: ['/usr/bin/colcon', 'build']
[0.447s] DEBUG:colcon:Parsed command line arguments: Namespace(log_base=None, log_level=None, verb_name='build', build_base='build', install_base='install', merge_install=False, symlink_install=False, test_result_base=None, continue_on_error=False, executor='parallel', parallel_workers=4, event_handlers=None, ignore_user_meta=False, metas=['./colcon.meta'], base_paths=['.'], packages_ignore=None, packages_ignore_regex=None, paths=None, packages_up_to=None, packages_up_to_regex=None, packages_above=None, packages_above_and_dependencies=None, packages_above_depth=None, packages_select_by_dep=None, packages_skip_by_dep=None, packages_skip_up_to=None, packages_select_build_failed=False, packages_skip_build_finished=False, packages_select_test_failures=False, packages_skip_test_passed=False, packages_select=None, packages_skip=None, packages_select_regex=None, packages_skip_regex=None, packages_start=None, packages_end=None, allow_overriding=[], cmake_args=None, cmake_target=None, cmake_target_skip_unavailable=False, cmake_clean_cache=False, cmake_clean_first=False, cmake_force_configure=False, ament_cmake_args=None, catkin_cmake_args=None, catkin_skip_building_tests=False, mixin_files=None, mixin=None, verb_parser=<colcon_mixin.mixin.mixin_argument.MixinArgumentDecorator object at 0xffffb162c040>, verb_extension=<colcon_core.verb.build.BuildVerb object at 0xffffb1718580>, main=<bound method BuildVerb.main of <colcon_core.verb.build.BuildVerb object at 0xffffb1718580>>, mixin_verb=('build',))
[1.183s] Level 1:colcon.colcon_core.package_discovery:discover_packages(colcon_meta) check parameters
[1.183s] Level 1:colcon.colcon_core.package_discovery:discover_packages(recursive) check parameters
[1.184s] Level 1:colcon.colcon_core.package_discovery:discover_packages(ignore) check parameters
[1.184s] Level 1:colcon.colcon_core.package_discovery:discover_packages(path) check parameters
[1.184s] Level 1:colcon.colcon_core.package_discovery:discover_packages(colcon_meta) discover
[1.184s] Level 1:colcon.colcon_core.package_discovery:discover_packages(recursive) discover
[1.184s] INFO:colcon.colcon_core.package_discovery:Crawling recursively for packages in '/home/hexapod/ros2_ws/src'
[1.185s] Level 1:colcon.colcon_core.package_identification:_identify(.) by extensions ['ignore', 'ignore_ament_install']
[1.185s] Level 1:colcon.colcon_core.package_identification:_identify(.) by extension 'ignore'
[1.185s] Level 1:colcon.colcon_core.package_identification:_identify(.) by extension 'ignore_ament_install'
[1.186s] Level 1:colcon.colcon_core.package_identification:_identify(.) by extensions ['colcon_pkg']
[1.186s] Level 1:colcon.colcon_core.package_identification:_identify(.) by extension 'colcon_pkg'
[1.186s] Level 1:colcon.colcon_core.package_identification:_identify(.) by extensions ['colcon_meta']
[1.186s] Level 1:colcon.colcon_core.package_identification:_identify(.) by extension 'colcon_meta'
[1.186s] Level 1:colcon.colcon_core.package_identification:_identify(.) by extensions ['ros']
[1.187s] Level 1:colcon.colcon_core.package_identification:_identify(.) by extension 'ros'
[1.235s] Level 1:colcon.colcon_core.package_identification:_identify(.) by extensions ['cmake', 'python']
[1.235s] Level 1:colcon.colcon_core.package_identification:_identify(.) by extension 'cmake'
[1.235s] Level 1:colcon.colcon_core.package_identification:_identify(.) by extension 'python'
[1.236s] Level 1:colcon.colcon_core.package_identification:_identify(.) by extensions ['python_setup_py']
[1.236s] Level 1:colcon.colcon_core.package_identification:_identify(.) by extension 'python_setup_py'
[1.236s] Level 1:colcon.colcon_core.package_identification:_identify(build) by extensions ['ignore', 'ignore_ament_install']
[1.237s] Level 1:colcon.colcon_core.package_identification:_identify(build) by extension 'ignore'
[1.237s] Level 1:colcon.colcon_core.package_identification:_identify(build) ignored
[1.237s] Level 1:colcon.colcon_core.package_identification:_identify(hexapod_vision) by extensions ['ignore', 'ignore_ament_install']
[1.238s] Level 1:colcon.colcon_core.package_identification:_identify(hexapod_vision) by extension 'ignore'
[1.238s] Level 1:colcon.colcon_core.package_identification:_identify(hexapod_vision) by extension 'ignore_ament_install'
[1.238s] Level 1:colcon.colcon_core.package_identification:_identify(hexapod_vision) by extensions ['colcon_pkg']
[1.239s] Level 1:colcon.colcon_core.package_identification:_identify(hexapod_vision) by extension 'colcon_pkg'
[1.239s] Level 1:colcon.colcon_core.package_identification:_identify(hexapod_vision) by extensions ['colcon_meta']
[1.239s] Level 1:colcon.colcon_core.package_identification:_identify(hexapod_vision) by extension 'colcon_meta'
[1.239s] Level 1:colcon.colcon_core.package_identification:_identify(hexapod_vision) by extensions ['ros']
[1.239s] Level 1:colcon.colcon_core.package_identification:_identify(hexapod_vision) by extension 'ros'
[1.246s] DEBUG:colcon.colcon_core.package_identification:Found ROS schema reference in package manifest in 'hexapod_vision'
[1.246s] WARNING:colcon.colcon_core.package_identification:Failed to parse ROS package manifest in 'hexapod_vision': Error(s) in package 'hexapod_vision/package.xml':
Error(s):
- The "license" tag must not contain the following children: apache2
[1.247s] Level 1:colcon.colcon_core.package_identification:_identify(hexapod_vision) by extensions ['cmake', 'python']
[1.247s] Level 1:colcon.colcon_core.package_identification:_identify(hexapod_vision) by extension 'cmake'
[1.247s] Level 1:colcon.colcon_core.package_identification:_identify(hexapod_vision) by extension 'python'
[1.248s] DEBUG:colcon.colcon_core.package_identification:Python package in 'hexapod_vision' passes arguments to the setup() function which requires a different identification extension than 'python'
[1.248s] Level 1:colcon.colcon_core.package_identification:_identify(hexapod_vision) by extensions ['python_setup_py']
[1.248s] Level 1:colcon.colcon_core.package_identification:_identify(hexapod_vision) by extension 'python_setup_py'
[2.274s] DEBUG:colcon.colcon_core.package_identification:Package 'hexapod_vision' with type 'python' and name 'hexapod_vision'
[2.274s] Level 1:colcon.colcon_core.package_identification:_identify(install) by extensions ['ignore', 'ignore_ament_install']
[2.275s] Level 1:colcon.colcon_core.package_identification:_identify(install) by extension 'ignore'
[2.275s] Level 1:colcon.colcon_core.package_identification:_identify(install) ignored
[2.276s] Level 1:colcon.colcon_core.package_identification:_identify(log) by extensions ['ignore', 'ignore_ament_install']
[2.276s] Level 1:colcon.colcon_core.package_identification:_identify(log) by extension 'ignore'
[2.276s] Level 1:colcon.colcon_core.package_identification:_identify(log) ignored
[2.277s] Level 1:colcon.colcon_core.package_identification:_identify(mpu6050_publisher) by extensions ['ignore', 'ignore_ament_install']
[2.277s] Level 1:colcon.colcon_core.package_identification:_identify(mpu6050_publisher) by extension 'ignore'
[2.277s] Level 1:colcon.colcon_core.package_identification:_identify(mpu6050_publisher) by extension 'ignore_ament_install'
[2.277s] Level 1:colcon.colcon_core.package_identification:_identify(mpu6050_publisher) by extensions ['colcon_pkg']
[2.278s] Level 1:colcon.colcon_core.package_identification:_identify(mpu6050_publisher) by extension 'colcon_pkg'
[2.278s] Level 1:colcon.colcon_core.package_identification:_identify(mpu6050_publisher) by extensions ['colcon_meta']
[2.278s] Level 1:colcon.colcon_core.package_identification:_identify(mpu6050_publisher) by extension 'colcon_meta'
[2.278s] Level 1:colcon.colcon_core.package_identification:_identify(mpu6050_publisher) by extensions ['ros']
[2.278s] Level 1:colcon.colcon_core.package_identification:_identify(mpu6050_publisher) by extension 'ros'
[2.285s] DEBUG:colcon.colcon_core.package_identification:Package 'mpu6050_publisher' with type 'ros.ament_python' and name 'mpu6050_publisher'
[2.286s] Level 1:colcon.colcon_core.package_discovery:discover_packages(recursive) using defaults
[2.286s] Level 1:colcon.colcon_core.package_discovery:discover_packages(ignore) discover
[2.286s] Level 1:colcon.colcon_core.package_discovery:discover_packages(ignore) using defaults
[2.286s] Level 1:colcon.colcon_core.package_discovery:discover_packages(path) discover
[2.287s] Level 1:colcon.colcon_core.package_discovery:discover_packages(path) using defaults
[2.364s] Level 1:colcon.colcon_core.package_discovery:discover_packages(prefix_path) check parameters
[2.364s] Level 1:colcon.colcon_core.package_discovery:discover_packages(prefix_path) discover
[2.376s] DEBUG:colcon.colcon_installed_package_information.package_discovery:Found 204 installed packages in /opt/ros/humble
[2.381s] Level 1:colcon.colcon_core.package_discovery:discover_packages(prefix_path) using defaults
[2.539s] Level 5:colcon.colcon_core.verb:set package 'hexapod_vision' build argument 'cmake_args' from command line to 'None'
[2.540s] Level 5:colcon.colcon_core.verb:set package 'hexapod_vision' build argument 'cmake_target' from command line to 'None'
[2.540s] Level 5:colcon.colcon_core.verb:set package 'hexapod_vision' build argument 'cmake_target_skip_unavailable' from command line to 'False'
[2.540s] Level 5:colcon.colcon_core.verb:set package 'hexapod_vision' build argument 'cmake_clean_cache' from command line to 'False'
[2.540s] Level 5:colcon.colcon_core.verb:set package 'hexapod_vision' build argument 'cmake_clean_first' from command line to 'False'
[2.540s] Level 5:colcon.colcon_core.verb:set package 'hexapod_vision' build argument 'cmake_force_configure' from command line to 'False'
[2.540s] Level 5:colcon.colcon_core.verb:set package 'hexapod_vision' build argument 'ament_cmake_args' from command line to 'None'
[2.540s] Level 5:colcon.colcon_core.verb:set package 'hexapod_vision' build argument 'catkin_cmake_args' from command line to 'None'
[2.540s] Level 5:colcon.colcon_core.verb:set package 'hexapod_vision' build argument 'catkin_skip_building_tests' from command line to 'False'
[2.540s] DEBUG:colcon.colcon_core.verb:Building package 'hexapod_vision' with the following arguments: {'ament_cmake_args': None, 'build_base': '/home/hexapod/ros2_ws/src/build/hexapod_vision', 'catkin_cmake_args': None, 'catkin_skip_building_tests': False, 'cmake_args': None, 'cmake_clean_cache': False, 'cmake_clean_first': False, 'cmake_force_configure': False, 'cmake_target': None, 'cmake_target_skip_unavailable': False, 'install_base': '/home/hexapod/ros2_ws/src/install/hexapod_vision', 'merge_install': False, 'path': '/home/hexapod/ros2_ws/src/hexapod_vision', 'symlink_install': False, 'test_result_base': None}
[2.542s] Level 5:colcon.colcon_core.verb:set package 'mpu6050_publisher' build argument 'cmake_args' from command line to 'None'
[2.542s] Level 5:colcon.colcon_core.verb:set package 'mpu6050_publisher' build argument 'cmake_target' from command line to 'None'
[2.542s] Level 5:colcon.colcon_core.verb:set package 'mpu6050_publisher' build argument 'cmake_target_skip_unavailable' from command line to 'False'
[2.542s] Level 5:colcon.colcon_core.verb:set package 'mpu6050_publisher' build argument 'cmake_clean_cache' from command line to 'False'
[2.543s] Level 5:colcon.colcon_core.verb:set package 'mpu6050_publisher' build argument 'cmake_clean_first' from command line to 'False'
[2.543s] Level 5:colcon.colcon_core.verb:set package 'mpu6050_publisher' build argument 'cmake_force_configure' from command line to 'False'
[2.543s] Level 5:colcon.colcon_core.verb:set package 'mpu6050_publisher' build argument 'ament_cmake_args' from command line to 'None'
[2.543s] Level 5:colcon.colcon_core.verb:set package 'mpu6050_publisher' build argument 'catkin_cmake_args' from command line to 'None'
[2.543s] Level 5:colcon.colcon_core.verb:set package 'mpu6050_publisher' build argument 'catkin_skip_building_tests' from command line to 'False'
[2.543s] DEBUG:colcon.colcon_core.verb:Building package 'mpu6050_publisher' with the following arguments: {'ament_cmake_args': None, 'build_base': '/home/hexapod/ros2_ws/src/build/mpu6050_publisher', 'catkin_cmake_args': None, 'catkin_skip_building_tests': False, 'cmake_args': None, 'cmake_clean_cache': False, 'cmake_clean_first': False, 'cmake_force_configure': False, 'cmake_target': None, 'cmake_target_skip_unavailable': False, 'install_base': '/home/hexapod/ros2_ws/src/install/mpu6050_publisher', 'merge_install': False, 'path': '/home/hexapod/ros2_ws/src/mpu6050_publisher', 'symlink_install': False, 'test_result_base': None}
[2.544s] INFO:colcon.colcon_core.executor:Executing jobs using 'parallel' executor
[2.547s] DEBUG:colcon.colcon_parallel_executor.executor.parallel:run_until_complete
[2.548s] INFO:colcon.colcon_core.task.python.build:Building Python package in '/home/hexapod/ros2_ws/src/hexapod_vision'
[2.557s] INFO:colcon.colcon_core.plugin_system:Skipping extension 'colcon_core.shell.bat': Not used on non-Windows systems
[2.558s] INFO:colcon.colcon_core.shell:Skip shell extension 'powershell' for command environment: Not usable outside of PowerShell
[2.559s] DEBUG:colcon.colcon_core.shell:Skip shell extension 'dsv' for command environment
[2.573s] INFO:colcon.colcon_ros.task.ament_python.build:Building ROS package in '/home/hexapod/ros2_ws/src/mpu6050_publisher' with build type 'ament_python'
[2.574s] Level 1:colcon.colcon_core.shell:create_environment_hook('mpu6050_publisher', 'ament_prefix_path')
[2.575s] INFO:colcon.colcon_core.shell:Creating environment hook '/home/hexapod/ros2_ws/src/install/mpu6050_publisher/share/mpu6050_publisher/hook/ament_prefix_path.ps1'
[2.579s] INFO:colcon.colcon_core.shell:Creating environment descriptor '/home/hexapod/ros2_ws/src/install/mpu6050_publisher/share/mpu6050_publisher/hook/ament_prefix_path.dsv'
[2.581s] INFO:colcon.colcon_core.shell:Creating environment hook '/home/hexapod/ros2_ws/src/install/mpu6050_publisher/share/mpu6050_publisher/hook/ament_prefix_path.sh'
[2.585s] INFO:colcon.colcon_core.shell:Skip shell extension 'powershell' for command environment: Not usable outside of PowerShell
[2.585s] DEBUG:colcon.colcon_core.shell:Skip shell extension 'dsv' for command environment
[4.883s] INFO:colcon.colcon_core.task.python.build:Building Python package in '/home/hexapod/ros2_ws/src/mpu6050_publisher'
[4.884s] INFO:colcon.colcon_core.shell:Skip shell extension 'powershell' for command environment: Not usable outside of PowerShell
[4.885s] DEBUG:colcon.colcon_core.shell:Skip shell extension 'dsv' for command environment
[5.412s] DEBUG:colcon.colcon_core.event_handler.log_command:Invoking command in '/home/hexapod/ros2_ws/src/hexapod_vision': PYTHONPATH=/home/hexapod/ros2_ws/src/build/hexapod_vision/prefix_override:/usr/lib/python3/dist-packages/colcon_core/task/python/colcon_distutils_commands:/home/hexapod/ros2_ws/src/install/hexapod_vision/lib/python3.10/site-packages:${PYTHONPATH} /usr/bin/python3 -W ignore:setup.py install is deprecated -W ignore:easy_install command is deprecated setup.py egg_info --egg-base ../build/hexapod_vision build --build-base /home/hexapod/ros2_ws/src/build/hexapod_vision/build install --record /home/hexapod/ros2_ws/src/build/hexapod_vision/install.log --single-version-externally-managed install_data
[6.740s] DEBUG:colcon.colcon_core.event_handler.log_command:Invoking command in '/home/hexapod/ros2_ws/src/mpu6050_publisher': PYTHONPATH=/home/hexapod/ros2_ws/src/build/mpu6050_publisher/prefix_override:/usr/lib/python3/dist-packages/colcon_core/task/python/colcon_distutils_commands:/home/hexapod/ros2_ws/src/install/mpu6050_publisher/lib/python3.10/site-packages:${PYTHONPATH} /usr/bin/python3 -W ignore:setup.py install is deprecated -W ignore:easy_install command is deprecated setup.py egg_info --egg-base ../build/mpu6050_publisher build --build-base /home/hexapod/ros2_ws/src/build/mpu6050_publisher/build install --record /home/hexapod/ros2_ws/src/build/mpu6050_publisher/install.log --single-version-externally-managed install_data
[6.894s] DEBUG:colcon.colcon_core.event_handler.log_command:Invoked command in '/home/hexapod/ros2_ws/src/hexapod_vision' returned '0': PYTHONPATH=/home/hexapod/ros2_ws/src/build/hexapod_vision/prefix_override:/usr/lib/python3/dist-packages/colcon_core/task/python/colcon_distutils_commands:/home/hexapod/ros2_ws/src/install/hexapod_vision/lib/python3.10/site-packages:${PYTHONPATH} /usr/bin/python3 -W ignore:setup.py install is deprecated -W ignore:easy_install command is deprecated setup.py egg_info --egg-base ../build/hexapod_vision build --build-base /home/hexapod/ros2_ws/src/build/hexapod_vision/build install --record /home/hexapod/ros2_ws/src/build/hexapod_vision/install.log --single-version-externally-managed install_data
[6.906s] Level 1:colcon.colcon_core.environment:checking '/home/hexapod/ros2_ws/src/install/hexapod_vision' for CMake module files
[6.909s] Level 1:colcon.colcon_core.environment:checking '/home/hexapod/ros2_ws/src/install/hexapod_vision' for CMake config files
[6.914s] Level 1:colcon.colcon_core.environment:checking '/home/hexapod/ros2_ws/src/install/hexapod_vision/lib'
[6.916s] Level 1:colcon.colcon_core.environment:checking '/home/hexapod/ros2_ws/src/install/hexapod_vision/bin'
[6.917s] Level 1:colcon.colcon_core.environment:checking '/home/hexapod/ros2_ws/src/install/hexapod_vision/lib/pkgconfig/hexapod_vision.pc'
[6.919s] Level 1:colcon.colcon_core.environment:checking '/home/hexapod/ros2_ws/src/install/hexapod_vision/lib/python3.10/site-packages'
[6.920s] Level 1:colcon.colcon_core.shell:create_environment_hook('hexapod_vision', 'pythonpath')
[6.922s] INFO:colcon.colcon_core.shell:Creating environment hook '/home/hexapod/ros2_ws/src/install/hexapod_vision/share/hexapod_vision/hook/pythonpath.ps1'
[6.928s] INFO:colcon.colcon_core.shell:Creating environment descriptor '/home/hexapod/ros2_ws/src/install/hexapod_vision/share/hexapod_vision/hook/pythonpath.dsv'
[6.935s] INFO:colcon.colcon_core.shell:Creating environment hook '/home/hexapod/ros2_ws/src/install/hexapod_vision/share/hexapod_vision/hook/pythonpath.sh'
[6.939s] Level 1:colcon.colcon_core.environment:checking '/home/hexapod/ros2_ws/src/install/hexapod_vision/bin'
[6.939s] Level 1:colcon.colcon_core.environment:create_environment_scripts_only(hexapod_vision)
[6.941s] INFO:colcon.colcon_core.shell:Creating package script '/home/hexapod/ros2_ws/src/install/hexapod_vision/share/hexapod_vision/package.ps1'
[6.945s] INFO:colcon.colcon_core.shell:Creating package descriptor '/home/hexapod/ros2_ws/src/install/hexapod_vision/share/hexapod_vision/package.dsv'
[6.948s] INFO:colcon.colcon_core.shell:Creating package script '/home/hexapod/ros2_ws/src/install/hexapod_vision/share/hexapod_vision/package.sh'
[6.952s] INFO:colcon.colcon_core.shell:Creating package script '/home/hexapod/ros2_ws/src/install/hexapod_vision/share/hexapod_vision/package.bash'
[6.956s] INFO:colcon.colcon_core.shell:Creating package script '/home/hexapod/ros2_ws/src/install/hexapod_vision/share/hexapod_vision/package.zsh'
[6.961s] Level 1:colcon.colcon_core.environment:create_file_with_runtime_dependencies(/home/hexapod/ros2_ws/src/install/hexapod_vision/share/colcon-core/packages/hexapod_vision)
[8.093s] Level 1:colcon.colcon_core.environment:checking '/home/hexapod/ros2_ws/src/install/mpu6050_publisher' for CMake module files
[8.095s] DEBUG:colcon.colcon_core.event_handler.log_command:Invoked command in '/home/hexapod/ros2_ws/src/mpu6050_publisher' returned '0': PYTHONPATH=/home/hexapod/ros2_ws/src/build/mpu6050_publisher/prefix_override:/usr/lib/python3/dist-packages/colcon_core/task/python/colcon_distutils_commands:/home/hexapod/ros2_ws/src/install/mpu6050_publisher/lib/python3.10/site-packages:${PYTHONPATH} /usr/bin/python3 -W ignore:setup.py install is deprecated -W ignore:easy_install command is deprecated setup.py egg_info --egg-base ../build/mpu6050_publisher build --build-base /home/hexapod/ros2_ws/src/build/mpu6050_publisher/build install --record /home/hexapod/ros2_ws/src/build/mpu6050_publisher/install.log --single-version-externally-managed install_data
[8.097s] Level 1:colcon.colcon_core.environment:checking '/home/hexapod/ros2_ws/src/install/mpu6050_publisher' for CMake config files
[8.100s] Level 1:colcon.colcon_core.environment:checking '/home/hexapod/ros2_ws/src/install/mpu6050_publisher/lib'
[8.101s] Level 1:colcon.colcon_core.environment:checking '/home/hexapod/ros2_ws/src/install/mpu6050_publisher/bin'
[8.101s] Level 1:colcon.colcon_core.environment:checking '/home/hexapod/ros2_ws/src/install/mpu6050_publisher/lib/pkgconfig/mpu6050_publisher.pc'
[8.102s] Level 1:colcon.colcon_core.environment:checking '/home/hexapod/ros2_ws/src/install/mpu6050_publisher/lib/python3.10/site-packages'
[8.103s] Level 1:colcon.colcon_core.shell:create_environment_hook('mpu6050_publisher', 'pythonpath')
[8.104s] INFO:colcon.colcon_core.shell:Creating environment hook '/home/hexapod/ros2_ws/src/install/mpu6050_publisher/share/mpu6050_publisher/hook/pythonpath.ps1'
[8.106s] INFO:colcon.colcon_core.shell:Creating environment descriptor '/home/hexapod/ros2_ws/src/install/mpu6050_publisher/share/mpu6050_publisher/hook/pythonpath.dsv'
[8.107s] INFO:colcon.colcon_core.shell:Creating environment hook '/home/hexapod/ros2_ws/src/install/mpu6050_publisher/share/mpu6050_publisher/hook/pythonpath.sh'
[8.110s] Level 1:colcon.colcon_core.environment:checking '/home/hexapod/ros2_ws/src/install/mpu6050_publisher/bin'
[8.110s] Level 1:colcon.colcon_core.environment:create_environment_scripts_only(mpu6050_publisher)
[8.111s] INFO:colcon.colcon_core.shell:Creating package script '/home/hexapod/ros2_ws/src/install/mpu6050_publisher/share/mpu6050_publisher/package.ps1'
[8.113s] INFO:colcon.colcon_core.shell:Creating package descriptor '/home/hexapod/ros2_ws/src/install/mpu6050_publisher/share/mpu6050_publisher/package.dsv'
[8.115s] INFO:colcon.colcon_core.shell:Creating package script '/home/hexapod/ros2_ws/src/install/mpu6050_publisher/share/mpu6050_publisher/package.sh'
[8.117s] INFO:colcon.colcon_core.shell:Creating package script '/home/hexapod/ros2_ws/src/install/mpu6050_publisher/share/mpu6050_publisher/package.bash'
[8.119s] INFO:colcon.colcon_core.shell:Creating package script '/home/hexapod/ros2_ws/src/install/mpu6050_publisher/share/mpu6050_publisher/package.zsh'
[8.121s] Level 1:colcon.colcon_core.environment:create_file_with_runtime_dependencies(/home/hexapod/ros2_ws/src/install/mpu6050_publisher/share/colcon-core/packages/mpu6050_publisher)
[8.122s] DEBUG:colcon.colcon_parallel_executor.executor.parallel:closing loop
[8.123s] DEBUG:colcon.colcon_parallel_executor.executor.parallel:loop closed
[8.124s] DEBUG:colcon.colcon_parallel_executor.executor.parallel:run_until_complete finished with '0'
[8.124s] DEBUG:colcon.colcon_core.event_reactor:joining thread
[8.149s] INFO:colcon.colcon_core.plugin_system:Skipping extension 'colcon_notification.desktop_notification.notify_send': Could not find 'notify-send'
[8.150s] INFO:colcon.colcon_core.plugin_system:Skipping extension 'colcon_notification.desktop_notification.terminal_notifier': Not used on non-Darwin systems
[8.150s] INFO:colcon.colcon_core.plugin_system:Skipping extension 'colcon_notification.desktop_notification.win32': Not used on non-Windows systems
[8.151s] INFO:colcon.colcon_notification.desktop_notification:Sending desktop notification using 'notify2'
[8.154s] DEBUG:colcon.colcon_notification.desktop_notification.notify2:Failed to initialize notify2: org.freedesktop.DBus.Error.ServiceUnknown: The name org.freedesktop.Notifications was not provided by any .service files
[8.155s] DEBUG:colcon.colcon_core.event_reactor:joined thread
[8.156s] INFO:colcon.colcon_core.shell:Creating prefix script '/home/hexapod/ros2_ws/src/install/local_setup.ps1'
[8.161s] INFO:colcon.colcon_core.shell:Creating prefix util module '/home/hexapod/ros2_ws/src/install/_local_setup_util_ps1.py'
[8.167s] INFO:colcon.colcon_core.shell:Creating prefix chain script '/home/hexapod/ros2_ws/src/install/setup.ps1'
[8.172s] INFO:colcon.colcon_core.shell:Creating prefix script '/home/hexapod/ros2_ws/src/install/local_setup.sh'
[8.174s] INFO:colcon.colcon_core.shell:Creating prefix util module '/home/hexapod/ros2_ws/src/install/_local_setup_util_sh.py'
[8.177s] INFO:colcon.colcon_core.shell:Creating prefix chain script '/home/hexapod/ros2_ws/src/install/setup.sh'
[8.182s] INFO:colcon.colcon_core.shell:Creating prefix script '/home/hexapod/ros2_ws/src/install/local_setup.bash'
[8.184s] INFO:colcon.colcon_core.shell:Creating prefix chain script '/home/hexapod/ros2_ws/src/install/setup.bash'
[8.187s] INFO:colcon.colcon_core.shell:Creating prefix script '/home/hexapod/ros2_ws/src/install/local_setup.zsh'
[8.189s] INFO:colcon.colcon_core.shell:Creating prefix chain script '/home/hexapod/ros2_ws/src/install/setup.zsh'
