[2.612s] Invoking command in '/home/hexapod/ros2_ws/src/hexapod_vision': PYTHONPATH=/home/hexapod/ros2_ws/build/hexapod_vision/prefix_override:/usr/lib/python3/dist-packages/colcon_core/task/python/colcon_distutils_commands:/home/hexapod/ros2_ws/install/hexapod_vision/lib/python3.10/site-packages:${PYTHONPATH} /usr/bin/python3 -W ignore:setup.py install is deprecated -W ignore:easy_install command is deprecated setup.py egg_info --egg-base ../../build/hexapod_vision build --build-base /home/hexapod/ros2_ws/build/hexapod_vision/build install --record /home/hexapod/ros2_ws/build/hexapod_vision/install.log --single-version-externally-managed install_data
[3.587s] running egg_info
[3.589s] writing ../../build/hexapod_vision/hexapod_vision.egg-info/PKG-INFO
[3.590s] writing dependency_links to ../../build/hexapod_vision/hexapod_vision.egg-info/dependency_links.txt
[3.591s] writing entry points to ../../build/hexapod_vision/hexapod_vision.egg-info/entry_points.txt
[3.592s] writing requirements to ../../build/hexapod_vision/hexapod_vision.egg-info/requires.txt
[3.593s] writing top-level names to ../../build/hexapod_vision/hexapod_vision.egg-info/top_level.txt
[3.601s] reading manifest file '../../build/hexapod_vision/hexapod_vision.egg-info/SOURCES.txt'
[3.604s] writing manifest file '../../build/hexapod_vision/hexapod_vision.egg-info/SOURCES.txt'
[3.605s] running build
[3.606s] running build_py
[3.606s] copying hexapod_vision/amg8833_publisher.py -> /home/hexapod/ros2_ws/build/hexapod_vision/build/lib/hexapod_vision
[3.608s] running install
[3.610s] running install_lib
[3.613s] copying /home/hexapod/ros2_ws/build/hexapod_vision/build/lib/hexapod_vision/amg8833_publisher.py -> /home/hexapod/ros2_ws/install/hexapod_vision/lib/python3.10/site-packages/hexapod_vision
[3.615s] byte-compiling /home/hexapod/ros2_ws/install/hexapod_vision/lib/python3.10/site-packages/hexapod_vision/amg8833_publisher.py to amg8833_publisher.cpython-310.pyc
[3.618s] running install_data
[3.619s] running install_egg_info
[3.626s] removing '/home/hexapod/ros2_ws/install/hexapod_vision/lib/python3.10/site-packages/hexapod_vision-0.0.0-py3.10.egg-info' (and everything under it)
[3.628s] Copying ../../build/hexapod_vision/hexapod_vision.egg-info to /home/hexapod/ros2_ws/install/hexapod_vision/lib/python3.10/site-packages/hexapod_vision-0.0.0-py3.10.egg-info
[3.633s] running install_scripts
[3.712s] Installing amg8833_publisher script to /home/hexapod/ros2_ws/install/hexapod_vision/lib/hexapod_vision
[3.713s] writing list of installed files to '/home/hexapod/ros2_ws/build/hexapod_vision/install.log'
[3.845s] Invoked command in '/home/hexapod/ros2_ws/src/hexapod_vision' returned '0': PYTHONPATH=/home/hexapod/ros2_ws/build/hexapod_vision/prefix_override:/usr/lib/python3/dist-packages/colcon_core/task/python/colcon_distutils_commands:/home/hexapod/ros2_ws/install/hexapod_vision/lib/python3.10/site-packages:${PYTHONPATH} /usr/bin/python3 -W ignore:setup.py install is deprecated -W ignore:easy_install command is deprecated setup.py egg_info --egg-base ../../build/hexapod_vision build --build-base /home/hexapod/ros2_ws/build/hexapod_vision/build install --record /home/hexapod/ros2_ws/build/hexapod_vision/install.log --single-version-externally-managed install_data
