[0.439s] DEBUG:colcon:Command line arguments: ['/usr/bin/colcon', 'build']
[0.439s] DEBUG:colcon:Parsed command line arguments: Namespace(log_base=None, log_level=None, verb_name='build', build_base='build', install_base='install', merge_install=False, symlink_install=False, test_result_base=None, continue_on_error=False, executor='parallel', parallel_workers=4, event_handlers=None, ignore_user_meta=False, metas=['./colcon.meta'], base_paths=['.'], packages_ignore=None, packages_ignore_regex=None, paths=None, packages_up_to=None, packages_up_to_regex=None, packages_above=None, packages_above_and_dependencies=None, packages_above_depth=None, packages_select_by_dep=None, packages_skip_by_dep=None, packages_skip_up_to=None, packages_select_build_failed=False, packages_skip_build_finished=False, packages_select_test_failures=False, packages_skip_test_passed=False, packages_select=None, packages_skip=None, packages_select_regex=None, packages_skip_regex=None, packages_start=None, packages_end=None, allow_overriding=[], cmake_args=None, cmake_target=None, cmake_target_skip_unavailable=False, cmake_clean_cache=False, cmake_clean_first=False, cmake_force_configure=False, ament_cmake_args=None, catkin_cmake_args=None, catkin_skip_building_tests=False, mixin_files=None, mixin=None, verb_parser=<colcon_mixin.mixin.mixin_argument.MixinArgumentDecorator object at 0xffffaff2c610>, verb_extension=<colcon_core.verb.build.BuildVerb object at 0xffffb002d510>, main=<bound method BuildVerb.main of <colcon_core.verb.build.BuildVerb object at 0xffffb002d510>>, mixin_verb=('build',))
[1.155s] Level 1:colcon.colcon_core.package_discovery:discover_packages(colcon_meta) check parameters
[1.156s] Level 1:colcon.colcon_core.package_discovery:discover_packages(recursive) check parameters
[1.156s] Level 1:colcon.colcon_core.package_discovery:discover_packages(ignore) check parameters
[1.156s] Level 1:colcon.colcon_core.package_discovery:discover_packages(path) check parameters
[1.156s] Level 1:colcon.colcon_core.package_discovery:discover_packages(colcon_meta) discover
[1.156s] Level 1:colcon.colcon_core.package_discovery:discover_packages(recursive) discover
[1.156s] INFO:colcon.colcon_core.package_discovery:Crawling recursively for packages in '/home/hexapod/ros2_ws'
[1.157s] Level 1:colcon.colcon_core.package_identification:_identify(.) by extensions ['ignore', 'ignore_ament_install']
[1.157s] Level 1:colcon.colcon_core.package_identification:_identify(.) by extension 'ignore'
[1.157s] Level 1:colcon.colcon_core.package_identification:_identify(.) by extension 'ignore_ament_install'
[1.158s] Level 1:colcon.colcon_core.package_identification:_identify(.) by extensions ['colcon_pkg']
[1.158s] Level 1:colcon.colcon_core.package_identification:_identify(.) by extension 'colcon_pkg'
[1.158s] Level 1:colcon.colcon_core.package_identification:_identify(.) by extensions ['colcon_meta']
[1.158s] Level 1:colcon.colcon_core.package_identification:_identify(.) by extension 'colcon_meta'
[1.158s] Level 1:colcon.colcon_core.package_identification:_identify(.) by extensions ['ros']
[1.158s] Level 1:colcon.colcon_core.package_identification:_identify(.) by extension 'ros'
[1.207s] Level 1:colcon.colcon_core.package_identification:_identify(.) by extensions ['cmake', 'python']
[1.207s] Level 1:colcon.colcon_core.package_identification:_identify(.) by extension 'cmake'
[1.207s] Level 1:colcon.colcon_core.package_identification:_identify(.) by extension 'python'
[1.207s] Level 1:colcon.colcon_core.package_identification:_identify(.) by extensions ['python_setup_py']
[1.208s] Level 1:colcon.colcon_core.package_identification:_identify(.) by extension 'python_setup_py'
[1.208s] Level 1:colcon.colcon_core.package_identification:_identify(build) by extensions ['ignore', 'ignore_ament_install']
[1.208s] Level 1:colcon.colcon_core.package_identification:_identify(build) by extension 'ignore'
[1.209s] Level 1:colcon.colcon_core.package_identification:_identify(build) ignored
[1.209s] Level 1:colcon.colcon_core.package_identification:_identify(install) by extensions ['ignore', 'ignore_ament_install']
[1.210s] Level 1:colcon.colcon_core.package_identification:_identify(install) by extension 'ignore'
[1.210s] Level 1:colcon.colcon_core.package_identification:_identify(install) ignored
[1.210s] Level 1:colcon.colcon_core.package_identification:_identify(log) by extensions ['ignore', 'ignore_ament_install']
[1.211s] Level 1:colcon.colcon_core.package_identification:_identify(log) by extension 'ignore'
[1.211s] Level 1:colcon.colcon_core.package_identification:_identify(log) ignored
[1.211s] Level 1:colcon.colcon_core.package_identification:_identify(src) by extensions ['ignore', 'ignore_ament_install']
[1.212s] Level 1:colcon.colcon_core.package_identification:_identify(src) by extension 'ignore'
[1.212s] Level 1:colcon.colcon_core.package_identification:_identify(src) by extension 'ignore_ament_install'
[1.212s] Level 1:colcon.colcon_core.package_identification:_identify(src) by extensions ['colcon_pkg']
[1.212s] Level 1:colcon.colcon_core.package_identification:_identify(src) by extension 'colcon_pkg'
[1.212s] Level 1:colcon.colcon_core.package_identification:_identify(src) by extensions ['colcon_meta']
[1.213s] Level 1:colcon.colcon_core.package_identification:_identify(src) by extension 'colcon_meta'
[1.213s] Level 1:colcon.colcon_core.package_identification:_identify(src) by extensions ['ros']
[1.213s] Level 1:colcon.colcon_core.package_identification:_identify(src) by extension 'ros'
[1.213s] Level 1:colcon.colcon_core.package_identification:_identify(src) by extensions ['cmake', 'python']
[1.213s] Level 1:colcon.colcon_core.package_identification:_identify(src) by extension 'cmake'
[1.214s] Level 1:colcon.colcon_core.package_identification:_identify(src) by extension 'python'
[1.214s] Level 1:colcon.colcon_core.package_identification:_identify(src) by extensions ['python_setup_py']
[1.214s] Level 1:colcon.colcon_core.package_identification:_identify(src) by extension 'python_setup_py'
[1.214s] Level 1:colcon.colcon_core.package_identification:_identify(src/hexapod_vision) by extensions ['ignore', 'ignore_ament_install']
[1.215s] Level 1:colcon.colcon_core.package_identification:_identify(src/hexapod_vision) by extension 'ignore'
[1.215s] Level 1:colcon.colcon_core.package_identification:_identify(src/hexapod_vision) by extension 'ignore_ament_install'
[1.215s] Level 1:colcon.colcon_core.package_identification:_identify(src/hexapod_vision) by extensions ['colcon_pkg']
[1.215s] Level 1:colcon.colcon_core.package_identification:_identify(src/hexapod_vision) by extension 'colcon_pkg'
[1.216s] Level 1:colcon.colcon_core.package_identification:_identify(src/hexapod_vision) by extensions ['colcon_meta']
[1.216s] Level 1:colcon.colcon_core.package_identification:_identify(src/hexapod_vision) by extension 'colcon_meta'
[1.216s] Level 1:colcon.colcon_core.package_identification:_identify(src/hexapod_vision) by extensions ['ros']
[1.216s] Level 1:colcon.colcon_core.package_identification:_identify(src/hexapod_vision) by extension 'ros'
[1.223s] DEBUG:colcon.colcon_core.package_identification:Found ROS schema reference in package manifest in 'src/hexapod_vision'
[1.223s] WARNING:colcon.colcon_core.package_identification:Failed to parse ROS package manifest in 'src/hexapod_vision': Error(s) in package 'src/hexapod_vision/package.xml':
Error(s):
- The "license" tag must not contain the following children: apache2
[1.223s] Level 1:colcon.colcon_core.package_identification:_identify(src/hexapod_vision) by extensions ['cmake', 'python']
[1.224s] Level 1:colcon.colcon_core.package_identification:_identify(src/hexapod_vision) by extension 'cmake'
[1.224s] Level 1:colcon.colcon_core.package_identification:_identify(src/hexapod_vision) by extension 'python'
[1.224s] DEBUG:colcon.colcon_core.package_identification:Python package in 'src/hexapod_vision' passes arguments to the setup() function which requires a different identification extension than 'python'
[1.225s] Level 1:colcon.colcon_core.package_identification:_identify(src/hexapod_vision) by extensions ['python_setup_py']
[1.225s] Level 1:colcon.colcon_core.package_identification:_identify(src/hexapod_vision) by extension 'python_setup_py'
[2.261s] DEBUG:colcon.colcon_core.package_identification:Package 'src/hexapod_vision' with type 'python' and name 'hexapod_vision'
[2.261s] Level 1:colcon.colcon_core.package_discovery:discover_packages(recursive) using defaults
[2.262s] Level 1:colcon.colcon_core.package_discovery:discover_packages(ignore) discover
[2.262s] Level 1:colcon.colcon_core.package_discovery:discover_packages(ignore) using defaults
[2.262s] Level 1:colcon.colcon_core.package_discovery:discover_packages(path) discover
[2.262s] Level 1:colcon.colcon_core.package_discovery:discover_packages(path) using defaults
[2.337s] Level 1:colcon.colcon_core.package_discovery:discover_packages(prefix_path) check parameters
[2.338s] Level 1:colcon.colcon_core.package_discovery:discover_packages(prefix_path) discover
[2.342s] WARNING:colcon.colcon_core.prefix_path.colcon:The path '/home/hexapod/ros2_ws/src/install' in the environment variable COLCON_PREFIX_PATH doesn't exist
[2.343s] WARNING:colcon.colcon_ros.prefix_path.ament:The path '/home/hexapod/ros2_ws/src/install/hexapod_vision' in the environment variable AMENT_PREFIX_PATH doesn't exist
[2.347s] DEBUG:colcon.colcon_installed_package_information.package_discovery:Found 1 installed packages in /home/hexapod/ros2_ws/install
[2.354s] DEBUG:colcon.colcon_installed_package_information.package_discovery:Found 204 installed packages in /opt/ros/humble
[2.359s] Level 1:colcon.colcon_core.package_discovery:discover_packages(prefix_path) using defaults
[2.516s] Level 5:colcon.colcon_core.verb:set package 'hexapod_vision' build argument 'cmake_args' from command line to 'None'
[2.517s] Level 5:colcon.colcon_core.verb:set package 'hexapod_vision' build argument 'cmake_target' from command line to 'None'
[2.517s] Level 5:colcon.colcon_core.verb:set package 'hexapod_vision' build argument 'cmake_target_skip_unavailable' from command line to 'False'
[2.517s] Level 5:colcon.colcon_core.verb:set package 'hexapod_vision' build argument 'cmake_clean_cache' from command line to 'False'
[2.517s] Level 5:colcon.colcon_core.verb:set package 'hexapod_vision' build argument 'cmake_clean_first' from command line to 'False'
[2.517s] Level 5:colcon.colcon_core.verb:set package 'hexapod_vision' build argument 'cmake_force_configure' from command line to 'False'
[2.518s] Level 5:colcon.colcon_core.verb:set package 'hexapod_vision' build argument 'ament_cmake_args' from command line to 'None'
[2.518s] Level 5:colcon.colcon_core.verb:set package 'hexapod_vision' build argument 'catkin_cmake_args' from command line to 'None'
[2.518s] Level 5:colcon.colcon_core.verb:set package 'hexapod_vision' build argument 'catkin_skip_building_tests' from command line to 'False'
[2.518s] DEBUG:colcon.colcon_core.verb:Building package 'hexapod_vision' with the following arguments: {'ament_cmake_args': None, 'build_base': '/home/hexapod/ros2_ws/build/hexapod_vision', 'catkin_cmake_args': None, 'catkin_skip_building_tests': False, 'cmake_args': None, 'cmake_clean_cache': False, 'cmake_clean_first': False, 'cmake_force_configure': False, 'cmake_target': None, 'cmake_target_skip_unavailable': False, 'install_base': '/home/hexapod/ros2_ws/install/hexapod_vision', 'merge_install': False, 'path': '/home/hexapod/ros2_ws/src/hexapod_vision', 'symlink_install': False, 'test_result_base': None}
[2.519s] INFO:colcon.colcon_core.executor:Executing jobs using 'parallel' executor
[2.522s] DEBUG:colcon.colcon_parallel_executor.executor.parallel:run_until_complete
[2.523s] INFO:colcon.colcon_core.task.python.build:Building Python package in '/home/hexapod/ros2_ws/src/hexapod_vision'
[2.533s] INFO:colcon.colcon_core.plugin_system:Skipping extension 'colcon_core.shell.bat': Not used on non-Windows systems
[2.534s] INFO:colcon.colcon_core.shell:Skip shell extension 'powershell' for command environment: Not usable outside of PowerShell
[2.534s] DEBUG:colcon.colcon_core.shell:Skip shell extension 'dsv' for command environment
[5.138s] DEBUG:colcon.colcon_core.event_handler.log_command:Invoking command in '/home/hexapod/ros2_ws/src/hexapod_vision': PYTHONPATH=/home/hexapod/ros2_ws/build/hexapod_vision/prefix_override:/usr/lib/python3/dist-packages/colcon_core/task/python/colcon_distutils_commands:/home/hexapod/ros2_ws/install/hexapod_vision/lib/python3.10/site-packages:${PYTHONPATH} /usr/bin/python3 -W ignore:setup.py install is deprecated -W ignore:easy_install command is deprecated setup.py egg_info --egg-base ../../build/hexapod_vision build --build-base /home/hexapod/ros2_ws/build/hexapod_vision/build install --record /home/hexapod/ros2_ws/build/hexapod_vision/install.log --single-version-externally-managed install_data
[6.369s] DEBUG:colcon.colcon_core.event_handler.log_command:Invoked command in '/home/hexapod/ros2_ws/src/hexapod_vision' returned '0': PYTHONPATH=/home/hexapod/ros2_ws/build/hexapod_vision/prefix_override:/usr/lib/python3/dist-packages/colcon_core/task/python/colcon_distutils_commands:/home/hexapod/ros2_ws/install/hexapod_vision/lib/python3.10/site-packages:${PYTHONPATH} /usr/bin/python3 -W ignore:setup.py install is deprecated -W ignore:easy_install command is deprecated setup.py egg_info --egg-base ../../build/hexapod_vision build --build-base /home/hexapod/ros2_ws/build/hexapod_vision/build install --record /home/hexapod/ros2_ws/build/hexapod_vision/install.log --single-version-externally-managed install_data
[6.382s] Level 1:colcon.colcon_core.environment:checking '/home/hexapod/ros2_ws/install/hexapod_vision' for CMake module files
[6.385s] Level 1:colcon.colcon_core.environment:checking '/home/hexapod/ros2_ws/install/hexapod_vision' for CMake config files
[6.389s] Level 1:colcon.colcon_core.environment:checking '/home/hexapod/ros2_ws/install/hexapod_vision/lib'
[6.390s] Level 1:colcon.colcon_core.environment:checking '/home/hexapod/ros2_ws/install/hexapod_vision/bin'
[6.390s] Level 1:colcon.colcon_core.environment:checking '/home/hexapod/ros2_ws/install/hexapod_vision/lib/pkgconfig/hexapod_vision.pc'
[6.391s] Level 1:colcon.colcon_core.environment:checking '/home/hexapod/ros2_ws/install/hexapod_vision/lib/python3.10/site-packages'
[6.391s] Level 1:colcon.colcon_core.shell:create_environment_hook('hexapod_vision', 'pythonpath')
[6.392s] INFO:colcon.colcon_core.shell:Creating environment hook '/home/hexapod/ros2_ws/install/hexapod_vision/share/hexapod_vision/hook/pythonpath.ps1'
[6.395s] INFO:colcon.colcon_core.shell:Creating environment descriptor '/home/hexapod/ros2_ws/install/hexapod_vision/share/hexapod_vision/hook/pythonpath.dsv'
[6.397s] INFO:colcon.colcon_core.shell:Creating environment hook '/home/hexapod/ros2_ws/install/hexapod_vision/share/hexapod_vision/hook/pythonpath.sh'
[6.400s] Level 1:colcon.colcon_core.environment:checking '/home/hexapod/ros2_ws/install/hexapod_vision/bin'
[6.401s] Level 1:colcon.colcon_core.environment:create_environment_scripts_only(hexapod_vision)
[6.402s] INFO:colcon.colcon_core.shell:Creating package script '/home/hexapod/ros2_ws/install/hexapod_vision/share/hexapod_vision/package.ps1'
[6.405s] INFO:colcon.colcon_core.shell:Creating package descriptor '/home/hexapod/ros2_ws/install/hexapod_vision/share/hexapod_vision/package.dsv'
[6.408s] INFO:colcon.colcon_core.shell:Creating package script '/home/hexapod/ros2_ws/install/hexapod_vision/share/hexapod_vision/package.sh'
[6.411s] INFO:colcon.colcon_core.shell:Creating package script '/home/hexapod/ros2_ws/install/hexapod_vision/share/hexapod_vision/package.bash'
[6.414s] INFO:colcon.colcon_core.shell:Creating package script '/home/hexapod/ros2_ws/install/hexapod_vision/share/hexapod_vision/package.zsh'
[6.418s] Level 1:colcon.colcon_core.environment:create_file_with_runtime_dependencies(/home/hexapod/ros2_ws/install/hexapod_vision/share/colcon-core/packages/hexapod_vision)
[6.419s] DEBUG:colcon.colcon_parallel_executor.executor.parallel:closing loop
[6.420s] DEBUG:colcon.colcon_parallel_executor.executor.parallel:loop closed
[6.420s] DEBUG:colcon.colcon_parallel_executor.executor.parallel:run_until_complete finished with '0'
[6.421s] DEBUG:colcon.colcon_core.event_reactor:joining thread
[6.448s] INFO:colcon.colcon_core.plugin_system:Skipping extension 'colcon_notification.desktop_notification.notify_send': Could not find 'notify-send'
[6.448s] INFO:colcon.colcon_core.plugin_system:Skipping extension 'colcon_notification.desktop_notification.terminal_notifier': Not used on non-Darwin systems
[6.449s] INFO:colcon.colcon_core.plugin_system:Skipping extension 'colcon_notification.desktop_notification.win32': Not used on non-Windows systems
[6.449s] INFO:colcon.colcon_notification.desktop_notification:Sending desktop notification using 'notify2'
[6.452s] DEBUG:colcon.colcon_notification.desktop_notification.notify2:Failed to initialize notify2: org.freedesktop.DBus.Error.ServiceUnknown: The name org.freedesktop.Notifications was not provided by any .service files
[6.452s] DEBUG:colcon.colcon_core.event_reactor:joined thread
[6.453s] INFO:colcon.colcon_core.shell:Creating prefix script '/home/hexapod/ros2_ws/install/local_setup.ps1'
[6.457s] INFO:colcon.colcon_core.shell:Creating prefix util module '/home/hexapod/ros2_ws/install/_local_setup_util_ps1.py'
[6.463s] INFO:colcon.colcon_core.shell:Creating prefix chain script '/home/hexapod/ros2_ws/install/setup.ps1'
[6.468s] INFO:colcon.colcon_core.shell:Creating prefix script '/home/hexapod/ros2_ws/install/local_setup.sh'
[6.471s] INFO:colcon.colcon_core.shell:Creating prefix util module '/home/hexapod/ros2_ws/install/_local_setup_util_sh.py'
[6.475s] INFO:colcon.colcon_core.shell:Creating prefix chain script '/home/hexapod/ros2_ws/install/setup.sh'
[6.480s] INFO:colcon.colcon_core.shell:Creating prefix script '/home/hexapod/ros2_ws/install/local_setup.bash'
[6.483s] INFO:colcon.colcon_core.shell:Creating prefix chain script '/home/hexapod/ros2_ws/install/setup.bash'
[6.488s] INFO:colcon.colcon_core.shell:Creating prefix script '/home/hexapod/ros2_ws/install/local_setup.zsh'
[6.491s] INFO:colcon.colcon_core.shell:Creating prefix chain script '/home/hexapod/ros2_ws/install/setup.zsh'
