running egg_info
creating ../../build/hexapod_vision/hexapod_vision.egg-info
writing ../../build/hexapod_vision/hexapod_vision.egg-info/PKG-INFO
writing dependency_links to ../../build/hexapod_vision/hexapod_vision.egg-info/dependency_links.txt
writing entry points to ../../build/hexapod_vision/hexapod_vision.egg-info/entry_points.txt
writing requirements to ../../build/hexapod_vision/hexapod_vision.egg-info/requires.txt
writing top-level names to ../../build/hexapod_vision/hexapod_vision.egg-info/top_level.txt
writing manifest file '../../build/hexapod_vision/hexapod_vision.egg-info/SOURCES.txt'
reading manifest file '../../build/hexapod_vision/hexapod_vision.egg-info/SOURCES.txt'
writing manifest file '../../build/hexapod_vision/hexapod_vision.egg-info/SOURCES.txt'
running build
running build_py
creating /home/hexapod/ros2_ws/build/hexapod_vision/build
creating /home/hexapod/ros2_ws/build/hexapod_vision/build/lib
creating /home/hexapod/ros2_ws/build/hexapod_vision/build/lib/hexapod_vision
copying hexapod_vision/__init__.py -> /home/hexapod/ros2_ws/build/hexapod_vision/build/lib/hexapod_vision
running install
running install_lib
creating /home/hexapod/ros2_ws/install/hexapod_vision/lib/python3.10/site-packages/hexapod_vision
copying /home/hexapod/ros2_ws/build/hexapod_vision/build/lib/hexapod_vision/__init__.py -> /home/hexapod/ros2_ws/install/hexapod_vision/lib/python3.10/site-packages/hexapod_vision
byte-compiling /home/hexapod/ros2_ws/install/hexapod_vision/lib/python3.10/site-packages/hexapod_vision/__init__.py to __init__.cpython-310.pyc
running install_data
creating /home/hexapod/ros2_ws/install/hexapod_vision/share/ament_index
creating /home/hexapod/ros2_ws/install/hexapod_vision/share/ament_index/resource_index
creating /home/hexapod/ros2_ws/install/hexapod_vision/share/ament_index/resource_index/packages
copying resource/hexapod_vision -> /home/hexapod/ros2_ws/install/hexapod_vision/share/ament_index/resource_index/packages
copying package.xml -> /home/hexapod/ros2_ws/install/hexapod_vision/share/hexapod_vision
running install_egg_info
Copying ../../build/hexapod_vision/hexapod_vision.egg-info to /home/hexapod/ros2_ws/install/hexapod_vision/lib/python3.10/site-packages/hexapod_vision-0.0.0-py3.10.egg-info
running install_scripts
writing list of installed files to '/home/hexapod/ros2_ws/build/hexapod_vision/install.log'
