[2.704s] Invoking command in '/home/hexapod/ros2_ws/src/hexapod_vision': PYTHONPATH=/home/hexapod/ros2_ws/build/hexapod_vision/prefix_override:/usr/lib/python3/dist-packages/colcon_core/task/python/colcon_distutils_commands:/home/hexapod/ros2_ws/install/hexapod_vision/lib/python3.10/site-packages:${PYTHONPATH} /usr/bin/python3 -W ignore:setup.py install is deprecated -W ignore:easy_install command is deprecated setup.py egg_info --egg-base ../../build/hexapod_vision build --build-base /home/hexapod/ros2_ws/build/hexapod_vision/build install --record /home/hexapod/ros2_ws/build/hexapod_vision/install.log --single-version-externally-managed install_data
[3.690s] running egg_info
[3.692s] creating ../../build/hexapod_vision/hexapod_vision.egg-info
[3.693s] writing ../../build/hexapod_vision/hexapod_vision.egg-info/PKG-INFO
[3.694s] writing dependency_links to ../../build/hexapod_vision/hexapod_vision.egg-info/dependency_links.txt
[3.694s] writing entry points to ../../build/hexapod_vision/hexapod_vision.egg-info/entry_points.txt
[3.695s] writing requirements to ../../build/hexapod_vision/hexapod_vision.egg-info/requires.txt
[3.695s] writing top-level names to ../../build/hexapod_vision/hexapod_vision.egg-info/top_level.txt
[3.696s] writing manifest file '../../build/hexapod_vision/hexapod_vision.egg-info/SOURCES.txt'
[3.704s] reading manifest file '../../build/hexapod_vision/hexapod_vision.egg-info/SOURCES.txt'
[3.707s] writing manifest file '../../build/hexapod_vision/hexapod_vision.egg-info/SOURCES.txt'
[3.707s] running build
[3.708s] running build_py
[3.708s] creating /home/hexapod/ros2_ws/build/hexapod_vision/build
[3.709s] creating /home/hexapod/ros2_ws/build/hexapod_vision/build/lib
[3.709s] creating /home/hexapod/ros2_ws/build/hexapod_vision/build/lib/hexapod_vision
[3.710s] copying hexapod_vision/__init__.py -> /home/hexapod/ros2_ws/build/hexapod_vision/build/lib/hexapod_vision
[3.710s] running install
[3.711s] running install_lib
[3.714s] creating /home/hexapod/ros2_ws/install/hexapod_vision/lib/python3.10/site-packages/hexapod_vision
[3.714s] copying /home/hexapod/ros2_ws/build/hexapod_vision/build/lib/hexapod_vision/__init__.py -> /home/hexapod/ros2_ws/install/hexapod_vision/lib/python3.10/site-packages/hexapod_vision
[3.717s] byte-compiling /home/hexapod/ros2_ws/install/hexapod_vision/lib/python3.10/site-packages/hexapod_vision/__init__.py to __init__.cpython-310.pyc
[3.718s] running install_data
[3.718s] creating /home/hexapod/ros2_ws/install/hexapod_vision/share/ament_index
[3.719s] creating /home/hexapod/ros2_ws/install/hexapod_vision/share/ament_index/resource_index
[3.719s] creating /home/hexapod/ros2_ws/install/hexapod_vision/share/ament_index/resource_index/packages
[3.720s] copying resource/hexapod_vision -> /home/hexapod/ros2_ws/install/hexapod_vision/share/ament_index/resource_index/packages
[3.720s] copying package.xml -> /home/hexapod/ros2_ws/install/hexapod_vision/share/hexapod_vision
[3.720s] running install_egg_info
[3.727s] Copying ../../build/hexapod_vision/hexapod_vision.egg-info to /home/hexapod/ros2_ws/install/hexapod_vision/lib/python3.10/site-packages/hexapod_vision-0.0.0-py3.10.egg-info
[3.732s] running install_scripts
[3.812s] writing list of installed files to '/home/hexapod/ros2_ws/build/hexapod_vision/install.log'
[3.931s] Invoked command in '/home/hexapod/ros2_ws/src/hexapod_vision' returned '0': PYTHONPATH=/home/hexapod/ros2_ws/build/hexapod_vision/prefix_override:/usr/lib/python3/dist-packages/colcon_core/task/python/colcon_distutils_commands:/home/hexapod/ros2_ws/install/hexapod_vision/lib/python3.10/site-packages:${PYTHONPATH} /usr/bin/python3 -W ignore:setup.py install is deprecated -W ignore:easy_install command is deprecated setup.py egg_info --egg-base ../../build/hexapod_vision build --build-base /home/hexapod/ros2_ws/build/hexapod_vision/build install --record /home/hexapod/ros2_ws/build/hexapod_vision/install.log --single-version-externally-managed install_data
