[2.861s] Invoking command in '/home/hexapod/ros2_ws/src/hexapod_vision': PYTHONPATH=/home/hexapod/ros2_ws/src/build/hexapod_vision/prefix_override:/usr/lib/python3/dist-packages/colcon_core/task/python/colcon_distutils_commands:/home/hexapod/ros2_ws/src/install/hexapod_vision/lib/python3.10/site-packages:${PYTHONPATH} /usr/bin/python3 -W ignore:setup.py install is deprecated -W ignore:easy_install command is deprecated setup.py egg_info --egg-base ../build/hexapod_vision build --build-base /home/hexapod/ros2_ws/src/build/hexapod_vision/build install --record /home/hexapod/ros2_ws/src/build/hexapod_vision/install.log --single-version-externally-managed install_data
[4.002s] running egg_info
[4.007s] creating ../build/hexapod_vision/hexapod_vision.egg-info
[4.012s] writing ../build/hexapod_vision/hexapod_vision.egg-info/PKG-INFO
[4.016s] writing dependency_links to ../build/hexapod_vision/hexapod_vision.egg-info/dependency_links.txt
[4.019s] writing entry points to ../build/hexapod_vision/hexapod_vision.egg-info/entry_points.txt
[4.022s] writing requirements to ../build/hexapod_vision/hexapod_vision.egg-info/requires.txt
[4.024s] writing top-level names to ../build/hexapod_vision/hexapod_vision.egg-info/top_level.txt
[4.027s] writing manifest file '../build/hexapod_vision/hexapod_vision.egg-info/SOURCES.txt'
[4.029s] reading manifest file '../build/hexapod_vision/hexapod_vision.egg-info/SOURCES.txt'
[4.034s] writing manifest file '../build/hexapod_vision/hexapod_vision.egg-info/SOURCES.txt'
[4.041s] running build
[4.044s] running build_py
[4.047s] creating /home/hexapod/ros2_ws/src/build/hexapod_vision/build
[4.048s] creating /home/hexapod/ros2_ws/src/build/hexapod_vision/build/lib
[4.049s] creating /home/hexapod/ros2_ws/src/build/hexapod_vision/build/lib/hexapod_vision
[4.050s] copying hexapod_vision/__init__.py -> /home/hexapod/ros2_ws/src/build/hexapod_vision/build/lib/hexapod_vision
[4.051s] copying hexapod_vision/amg8833_publisher.py -> /home/hexapod/ros2_ws/src/build/hexapod_vision/build/lib/hexapod_vision
[4.058s] running install
[4.062s] running install_lib
[4.066s] creating /home/hexapod/ros2_ws/src/install/hexapod_vision/lib/python3.10/site-packages/hexapod_vision
[4.072s] copying /home/hexapod/ros2_ws/src/build/hexapod_vision/build/lib/hexapod_vision/__init__.py -> /home/hexapod/ros2_ws/src/install/hexapod_vision/lib/python3.10/site-packages/hexapod_vision
[4.077s] copying /home/hexapod/ros2_ws/src/build/hexapod_vision/build/lib/hexapod_vision/amg8833_publisher.py -> /home/hexapod/ros2_ws/src/install/hexapod_vision/lib/python3.10/site-packages/hexapod_vision
[4.078s] byte-compiling /home/hexapod/ros2_ws/src/install/hexapod_vision/lib/python3.10/site-packages/hexapod_vision/__init__.py to __init__.cpython-310.pyc
[4.079s] byte-compiling /home/hexapod/ros2_ws/src/install/hexapod_vision/lib/python3.10/site-packages/hexapod_vision/amg8833_publisher.py to amg8833_publisher.cpython-310.pyc
[4.083s] running install_data
[4.085s] creating /home/hexapod/ros2_ws/src/install/hexapod_vision/share
[4.086s] creating /home/hexapod/ros2_ws/src/install/hexapod_vision/share/ament_index
[4.088s] creating /home/hexapod/ros2_ws/src/install/hexapod_vision/share/ament_index/resource_index
[4.089s] creating /home/hexapod/ros2_ws/src/install/hexapod_vision/share/ament_index/resource_index/packages
[4.090s] copying resource/hexapod_vision -> /home/hexapod/ros2_ws/src/install/hexapod_vision/share/ament_index/resource_index/packages
[4.091s] creating /home/hexapod/ros2_ws/src/install/hexapod_vision/share/hexapod_vision
[4.092s] copying package.xml -> /home/hexapod/ros2_ws/src/install/hexapod_vision/share/hexapod_vision
[4.093s] creating /home/hexapod/ros2_ws/src/install/hexapod_vision/share/hexapod_vision/launch
[4.093s] copying launch/vision.launch.py -> /home/hexapod/ros2_ws/src/install/hexapod_vision/share/hexapod_vision/launch
[4.094s] running install_egg_info
[4.095s] Copying ../build/hexapod_vision/hexapod_vision.egg-info to /home/hexapod/ros2_ws/src/install/hexapod_vision/lib/python3.10/site-packages/hexapod_vision-0.0.0-py3.10.egg-info
[4.100s] running install_scripts
[4.207s] Installing amg8833_publisher script to /home/hexapod/ros2_ws/src/install/hexapod_vision/lib/hexapod_vision
[4.209s] writing list of installed files to '/home/hexapod/ros2_ws/src/build/hexapod_vision/install.log'
[4.343s] Invoked command in '/home/hexapod/ros2_ws/src/hexapod_vision' returned '0': PYTHONPATH=/home/hexapod/ros2_ws/src/build/hexapod_vision/prefix_override:/usr/lib/python3/dist-packages/colcon_core/task/python/colcon_distutils_commands:/home/hexapod/ros2_ws/src/install/hexapod_vision/lib/python3.10/site-packages:${PYTHONPATH} /usr/bin/python3 -W ignore:setup.py install is deprecated -W ignore:easy_install command is deprecated setup.py egg_info --egg-base ../build/hexapod_vision build --build-base /home/hexapod/ros2_ws/src/build/hexapod_vision/build install --record /home/hexapod/ros2_ws/src/build/hexapod_vision/install.log --single-version-externally-managed install_data
