running egg_info
writing ../../build/hexapod_vision/hexapod_vision.egg-info/PKG-INFO
writing dependency_links to ../../build/hexapod_vision/hexapod_vision.egg-info/dependency_links.txt
writing entry points to ../../build/hexapod_vision/hexapod_vision.egg-info/entry_points.txt
writing requirements to ../../build/hexapod_vision/hexapod_vision.egg-info/requires.txt
writing top-level names to ../../build/hexapod_vision/hexapod_vision.egg-info/top_level.txt
reading manifest file '../../build/hexapod_vision/hexapod_vision.egg-info/SOURCES.txt'
writing manifest file '../../build/hexapod_vision/hexapod_vision.egg-info/SOURCES.txt'
running build
running build_py
copying hexapod_vision/amg8833_publisher.py -> /home/hexapod/ros2_ws/build/hexapod_vision/build/lib/hexapod_vision
running install
running install_lib
copying /home/hexapod/ros2_ws/build/hexapod_vision/build/lib/hexapod_vision/amg8833_publisher.py -> /home/hexapod/ros2_ws/install/hexapod_vision/lib/python3.10/site-packages/hexapod_vision
byte-compiling /home/hexapod/ros2_ws/install/hexapod_vision/lib/python3.10/site-packages/hexapod_vision/amg8833_publisher.py to amg8833_publisher.cpython-310.pyc
running install_data
copying package.xml -> /home/hexapod/ros2_ws/install/hexapod_vision/share/hexapod_vision
creating /home/hexapod/ros2_ws/install/hexapod_vision/share/hexapod_vision/launch
copying launch/vision.launch.py -> /home/hexapod/ros2_ws/install/hexapod_vision/share/hexapod_vision/launch
running install_egg_info
removing '/home/hexapod/ros2_ws/install/hexapod_vision/lib/python3.10/site-packages/hexapod_vision-0.0.0-py3.10.egg-info' (and everything under it)
Copying ../../build/hexapod_vision/hexapod_vision.egg-info to /home/hexapod/ros2_ws/install/hexapod_vision/lib/python3.10/site-packages/hexapod_vision-0.0.0-py3.10.egg-info
running install_scripts
Installing amg8833_publisher script to /home/hexapod/ros2_ws/install/hexapod_vision/lib/hexapod_vision
writing list of installed files to '/home/hexapod/ros2_ws/build/hexapod_vision/install.log'
