[2.948s] Invoking command in '/home/hexapod/ros2_ws/src/hexapod_vision': PYTHONPATH=/home/hexapod/ros2_ws/build/hexapod_vision/prefix_override:/usr/lib/python3/dist-packages/colcon_core/task/python/colcon_distutils_commands:/home/hexapod/ros2_ws/install/hexapod_vision/lib/python3.10/site-packages:${PYTHONPATH} /usr/bin/python3 -W ignore:setup.py install is deprecated -W ignore:easy_install command is deprecated setup.py egg_info --egg-base ../../build/hexapod_vision build --build-base /home/hexapod/ros2_ws/build/hexapod_vision/build install --record /home/hexapod/ros2_ws/build/hexapod_vision/install.log --single-version-externally-managed install_data
[4.157s] running egg_info
[4.161s] writing ../../build/hexapod_vision/hexapod_vision.egg-info/PKG-INFO
[4.163s] writing dependency_links to ../../build/hexapod_vision/hexapod_vision.egg-info/dependency_links.txt
[4.165s] writing entry points to ../../build/hexapod_vision/hexapod_vision.egg-info/entry_points.txt
[4.166s] writing requirements to ../../build/hexapod_vision/hexapod_vision.egg-info/requires.txt
[4.168s] writing top-level names to ../../build/hexapod_vision/hexapod_vision.egg-info/top_level.txt
[4.180s] reading manifest file '../../build/hexapod_vision/hexapod_vision.egg-info/SOURCES.txt'
[4.188s] writing manifest file '../../build/hexapod_vision/hexapod_vision.egg-info/SOURCES.txt'
[4.190s] running build
[4.190s] running build_py
[4.191s] running install
[4.192s] running install_lib
[4.210s] running install_data
[4.211s] running install_egg_info
[4.211s] removing '/home/hexapod/ros2_ws/install/hexapod_vision/lib/python3.10/site-packages/hexapod_vision-0.0.0-py3.10.egg-info' (and everything under it)
[4.212s] Copying ../../build/hexapod_vision/hexapod_vision.egg-info to /home/hexapod/ros2_ws/install/hexapod_vision/lib/python3.10/site-packages/hexapod_vision-0.0.0-py3.10.egg-info
[4.218s] running install_scripts
[4.305s] Installing amg8833_publisher script to /home/hexapod/ros2_ws/install/hexapod_vision/lib/hexapod_vision
[4.306s] writing list of installed files to '/home/hexapod/ros2_ws/build/hexapod_vision/install.log'
[4.453s] Invoked command in '/home/hexapod/ros2_ws/src/hexapod_vision' returned '0': PYTHONPATH=/home/hexapod/ros2_ws/build/hexapod_vision/prefix_override:/usr/lib/python3/dist-packages/colcon_core/task/python/colcon_distutils_commands:/home/hexapod/ros2_ws/install/hexapod_vision/lib/python3.10/site-packages:${PYTHONPATH} /usr/bin/python3 -W ignore:setup.py install is deprecated -W ignore:easy_install command is deprecated setup.py egg_info --egg-base ../../build/hexapod_vision build --build-base /home/hexapod/ros2_ws/build/hexapod_vision/build install --record /home/hexapod/ros2_ws/build/hexapod_vision/install.log --single-version-externally-managed install_data
