running egg_info
creating ../../build/mpu6050_publisher/mpu6050_publisher.egg-info
writing ../../build/mpu6050_publisher/mpu6050_publisher.egg-info/PKG-INFO
writing dependency_links to ../../build/mpu6050_publisher/mpu6050_publisher.egg-info/dependency_links.txt
writing entry points to ../../build/mpu6050_publisher/mpu6050_publisher.egg-info/entry_points.txt
writing requirements to ../../build/mpu6050_publisher/mpu6050_publisher.egg-info/requires.txt
writing top-level names to ../../build/mpu6050_publisher/mpu6050_publisher.egg-info/top_level.txt
writing manifest file '../../build/mpu6050_publisher/mpu6050_publisher.egg-info/SOURCES.txt'
reading manifest file '../../build/mpu6050_publisher/mpu6050_publisher.egg-info/SOURCES.txt'
writing manifest file '../../build/mpu6050_publisher/mpu6050_publisher.egg-info/SOURCES.txt'
running build
running build_py
creating /home/hexapod/ros2_ws/build/mpu6050_publisher/build
creating /home/hexapod/ros2_ws/build/mpu6050_publisher/build/lib
creating /home/hexapod/ros2_ws/build/mpu6050_publisher/build/lib/mpu6050_publisher
copying mpu6050_publisher/__init__.py -> /home/hexapod/ros2_ws/build/mpu6050_publisher/build/lib/mpu6050_publisher
copying mpu6050_publisher/mpu6050_node.py -> /home/hexapod/ros2_ws/build/mpu6050_publisher/build/lib/mpu6050_publisher
running install
running install_lib
creating /home/hexapod/ros2_ws/install/mpu6050_publisher/lib/python3.10/site-packages/mpu6050_publisher
copying /home/hexapod/ros2_ws/build/mpu6050_publisher/build/lib/mpu6050_publisher/__init__.py -> /home/hexapod/ros2_ws/install/mpu6050_publisher/lib/python3.10/site-packages/mpu6050_publisher
copying /home/hexapod/ros2_ws/build/mpu6050_publisher/build/lib/mpu6050_publisher/mpu6050_node.py -> /home/hexapod/ros2_ws/install/mpu6050_publisher/lib/python3.10/site-packages/mpu6050_publisher
byte-compiling /home/hexapod/ros2_ws/install/mpu6050_publisher/lib/python3.10/site-packages/mpu6050_publisher/__init__.py to __init__.cpython-310.pyc
byte-compiling /home/hexapod/ros2_ws/install/mpu6050_publisher/lib/python3.10/site-packages/mpu6050_publisher/mpu6050_node.py to mpu6050_node.cpython-310.pyc
running install_data
creating /home/hexapod/ros2_ws/install/mpu6050_publisher/share/ament_index
creating /home/hexapod/ros2_ws/install/mpu6050_publisher/share/ament_index/resource_index
creating /home/hexapod/ros2_ws/install/mpu6050_publisher/share/ament_index/resource_index/packages
copying resource/mpu6050_publisher -> /home/hexapod/ros2_ws/install/mpu6050_publisher/share/ament_index/resource_index/packages
copying package.xml -> /home/hexapod/ros2_ws/install/mpu6050_publisher/share/mpu6050_publisher
running install_egg_info
Copying ../../build/mpu6050_publisher/mpu6050_publisher.egg-info to /home/hexapod/ros2_ws/install/mpu6050_publisher/lib/python3.10/site-packages/mpu6050_publisher-0.0.0-py3.10.egg-info
running install_scripts
Installing mpu6050_node script to /home/hexapod/ros2_ws/install/mpu6050_publisher/lib/mpu6050_publisher
writing list of installed files to '/home/hexapod/ros2_ws/build/mpu6050_publisher/install.log'
