[4.181s] Invoking command in '/home/hexapod/ros2_ws/src/mpu6050_publisher': PYTHONPATH=/home/hexapod/ros2_ws/build/mpu6050_publisher/prefix_override:/usr/lib/python3/dist-packages/colcon_core/task/python/colcon_distutils_commands:/home/hexapod/ros2_ws/install/mpu6050_publisher/lib/python3.10/site-packages:${PYTHONPATH} /usr/bin/python3 -W ignore:setup.py install is deprecated -W ignore:easy_install command is deprecated setup.py egg_info --egg-base ../../build/mpu6050_publisher build --build-base /home/hexapod/ros2_ws/build/mpu6050_publisher/build install --record /home/hexapod/ros2_ws/build/mpu6050_publisher/install.log --single-version-externally-managed install_data
[5.301s] running egg_info
[5.304s] creating ../../build/mpu6050_publisher/mpu6050_publisher.egg-info
[5.305s] writing ../../build/mpu6050_publisher/mpu6050_publisher.egg-info/PKG-INFO
[5.306s] writing dependency_links to ../../build/mpu6050_publisher/mpu6050_publisher.egg-info/dependency_links.txt
[5.307s] writing entry points to ../../build/mpu6050_publisher/mpu6050_publisher.egg-info/entry_points.txt
[5.307s] writing requirements to ../../build/mpu6050_publisher/mpu6050_publisher.egg-info/requires.txt
[5.308s] writing top-level names to ../../build/mpu6050_publisher/mpu6050_publisher.egg-info/top_level.txt
[5.309s] writing manifest file '../../build/mpu6050_publisher/mpu6050_publisher.egg-info/SOURCES.txt'
[5.315s] reading manifest file '../../build/mpu6050_publisher/mpu6050_publisher.egg-info/SOURCES.txt'
[5.318s] writing manifest file '../../build/mpu6050_publisher/mpu6050_publisher.egg-info/SOURCES.txt'
[5.319s] running build
[5.319s] running build_py
[5.320s] creating /home/hexapod/ros2_ws/build/mpu6050_publisher/build
[5.320s] creating /home/hexapod/ros2_ws/build/mpu6050_publisher/build/lib
[5.321s] creating /home/hexapod/ros2_ws/build/mpu6050_publisher/build/lib/mpu6050_publisher
[5.321s] copying mpu6050_publisher/__init__.py -> /home/hexapod/ros2_ws/build/mpu6050_publisher/build/lib/mpu6050_publisher
[5.321s] copying mpu6050_publisher/mpu6050_node.py -> /home/hexapod/ros2_ws/build/mpu6050_publisher/build/lib/mpu6050_publisher
[5.322s] running install
[5.324s] running install_lib
[5.327s] creating /home/hexapod/ros2_ws/install/mpu6050_publisher/lib/python3.10/site-packages/mpu6050_publisher
[5.327s] copying /home/hexapod/ros2_ws/build/mpu6050_publisher/build/lib/mpu6050_publisher/__init__.py -> /home/hexapod/ros2_ws/install/mpu6050_publisher/lib/python3.10/site-packages/mpu6050_publisher
[5.328s] copying /home/hexapod/ros2_ws/build/mpu6050_publisher/build/lib/mpu6050_publisher/mpu6050_node.py -> /home/hexapod/ros2_ws/install/mpu6050_publisher/lib/python3.10/site-packages/mpu6050_publisher
[5.331s] byte-compiling /home/hexapod/ros2_ws/install/mpu6050_publisher/lib/python3.10/site-packages/mpu6050_publisher/__init__.py to __init__.cpython-310.pyc
[5.332s] byte-compiling /home/hexapod/ros2_ws/install/mpu6050_publisher/lib/python3.10/site-packages/mpu6050_publisher/mpu6050_node.py to mpu6050_node.cpython-310.pyc
[5.335s] running install_data
[5.336s] creating /home/hexapod/ros2_ws/install/mpu6050_publisher/share/ament_index
[5.336s] creating /home/hexapod/ros2_ws/install/mpu6050_publisher/share/ament_index/resource_index
[5.337s] creating /home/hexapod/ros2_ws/install/mpu6050_publisher/share/ament_index/resource_index/packages
[5.337s] copying resource/mpu6050_publisher -> /home/hexapod/ros2_ws/install/mpu6050_publisher/share/ament_index/resource_index/packages
[5.338s] copying package.xml -> /home/hexapod/ros2_ws/install/mpu6050_publisher/share/mpu6050_publisher
[5.338s] running install_egg_info
[5.345s] Copying ../../build/mpu6050_publisher/mpu6050_publisher.egg-info to /home/hexapod/ros2_ws/install/mpu6050_publisher/lib/python3.10/site-packages/mpu6050_publisher-0.0.0-py3.10.egg-info
[5.350s] running install_scripts
[5.434s] Installing mpu6050_node script to /home/hexapod/ros2_ws/install/mpu6050_publisher/lib/mpu6050_publisher
[5.435s] writing list of installed files to '/home/hexapod/ros2_ws/build/mpu6050_publisher/install.log'
[5.559s] Invoked command in '/home/hexapod/ros2_ws/src/mpu6050_publisher' returned '0': PYTHONPATH=/home/hexapod/ros2_ws/build/mpu6050_publisher/prefix_override:/usr/lib/python3/dist-packages/colcon_core/task/python/colcon_distutils_commands:/home/hexapod/ros2_ws/install/mpu6050_publisher/lib/python3.10/site-packages:${PYTHONPATH} /usr/bin/python3 -W ignore:setup.py install is deprecated -W ignore:easy_install command is deprecated setup.py egg_info --egg-base ../../build/mpu6050_publisher build --build-base /home/hexapod/ros2_ws/build/mpu6050_publisher/build install --record /home/hexapod/ros2_ws/build/mpu6050_publisher/install.log --single-version-externally-managed install_data
